<?xml version="1.0" encoding="UTF-8"?>
<!-- Generated by org.testng.reporters.JUnitReportReporter -->
<testsuite skipped="0" hostname="DESKTOP-FSKR1IR" name="com.w2a.APIBatch3.basics.SampleTestCases" tests="1" failures="0" timestamp="17 Feb 2019 06:05:42 GMT" time="2.408" errors="0">
  <testcase name="deleteACustomer" time="2.408" classname="com.w2a.APIBatch3.basics.SampleTestCases"/>
</testsuite> <!-- com.w2a.APIBatch3.basics.SampleTestCases -->
