<?xml version="1.0" encoding="UTF-8"?>
<!-- Generated by org.testng.reporters.JUnitReportReporter -->
<testsuite skipped="0" hostname="DESKTOP-FSKR1IR" name="testNgBasics.TestClass" tests="2" failures="0" timestamp="02 Mar 2019 06:26:20 GMT" time="0.011" errors="0">
  <testcase name="tc_02" time="0.007" classname="testNgBasics.TestClass"/>
  <testcase name="tc_01" time="0.004" classname="testNgBasics.TestClass"/>
</testsuite> <!-- testNgBasics.TestClass -->
