<?xml version="1.0" encoding="UTF-8"?>
<!-- Generated by org.testng.reporters.JUnitReportReporter -->
<testsuite skipped="0" hostname="DESKTOP-FSKR1IR" name="jsonCreation.Method1" tests="1" failures="0" timestamp="23 Feb 2019 05:52:44 GMT" time="2.572" errors="0">
  <testcase name="createdUser" time="2.572" classname="jsonCreation.Method1"/>
</testsuite> <!-- jsonCreation.Method1 -->
