<?xml version="1.0" encoding="UTF-8"?>
<!-- Generated by org.testng.reporters.JUnitReportReporter -->
<testsuite skipped="0" hostname="DESKTOP-FSKR1IR" name="com.w2a.APIBatch3.basics.UpdateAUser" tests="1" failures="0" timestamp="23 Feb 2019 05:02:19 GMT" time="2.503" errors="0">
  <testcase name="updateUserInfo" time="2.503" classname="com.w2a.APIBatch3.basics.UpdateAUser"/>
</testsuite> <!-- com.w2a.APIBatch3.basics.UpdateAUser -->
