<?xml version="1.0" encoding="UTF-8"?>
<!-- Generated by org.testng.reporters.JUnitReportReporter -->
<testsuite skipped="0" hostname="DESKTOP-FSKR1IR" name="createJsonUsingPOJO.TestClass" tests="1" failures="0" timestamp="02 Mar 2019 05:24:46 GMT" time="2.512" errors="0">
  <testcase name="createUser" time="2.512" classname="createJsonUsingPOJO.TestClass"/>
</testsuite> <!-- createJsonUsingPOJO.TestClass -->
