<?xml version="1.0" encoding="UTF-8"?>
<!-- Generated by org.testng.reporters.JUnitReportReporter -->
<testsuite skipped="0" hostname="DESKTOP-FSKR1IR" name="jsonCreation.Method2" tests="1" failures="0" timestamp="02 Mar 2019 04:43:12 GMT" time="3.581" errors="0">
  <testcase name="sendPostRequestUsingHashMapJson" time="3.581" classname="jsonCreation.Method2"/>
</testsuite> <!-- jsonCreation.Method2 -->
